18:31:05.896 INFO  manager.ApplicationManager - All tests run in Chrome Browser
18:31:06.932 INFO  manager.ApplicationManager - The link--->https://ilcarro.web.app/search
18:31:13.398 INFO  tests.TestBase - Name of method ---> addNewCarSuccess
18:31:17.325 INFO  tests.TestBase - Name of method ---> addNewCarSuccessPartly
18:31:21.263 INFO  tests.TestBase - Name of method ---> loginEmptyEmail
18:31:21.427 INFO  tests.TestBase - Before method finished logout
18:31:26.787 INFO  tests.TestBase - Name of method ---> loginEmptyPassword
18:31:31.820 INFO  tests.TestBase - Before method finished logout
18:31:38.178 INFO  tests.TestBase - Name of method ---> loginSuccess
18:31:43.224 INFO  tests.TestBase - Before method finished logout
18:31:43.225 INFO  tests.TestBase - Start test with name loginSuccess
18:31:43.482 INFO  tests.TestBase - Test data--> email:sonicboom@gmail.com & password:Snow123456!
18:31:45.557 INFO  tests.TestBase - Name of method ---> loginSuccessMon
18:31:45.604 INFO  tests.TestBase - Before method finished logout
18:31:48.925 INFO  tests.TestBase - Name of method ---> loginUnregisteredUser
18:31:48.964 INFO  tests.TestBase - Before method finished logout
18:31:57.295 INFO  tests.TestBase - Name of method ---> loginWrongEmail
18:32:02.356 INFO  tests.TestBase - Before method finished logout
18:32:07.737 INFO  tests.TestBase - Name of method ---> loginWrongPassword
18:32:12.776 INFO  tests.TestBase - Before method finished logout
18:32:15.142 INFO  tests.TestBase - Name of method ---> registrationEmptyCheckBox
18:32:25.666 INFO  tests.TestBase - Name of method ---> registrationEmptyEmail
18:32:36.172 INFO  tests.TestBase - Name of method ---> registrationEmptyFName
18:32:46.674 INFO  tests.TestBase - Name of method ---> registrationEmptyLName
18:32:57.198 INFO  tests.TestBase - Name of method ---> registrationEmptyPassword
18:33:07.707 INFO  tests.TestBase - Name of method ---> registrationExistUser
18:33:18.223 INFO  tests.TestBase - Name of method ---> registrationSuccess
18:33:26.735 INFO  tests.TestBase - Name of method ---> registrationWrongEmail
18:33:33.299 INFO  tests.TestBase - Name of method ---> registrationWrongPassword
18:33:43.877 INFO  tests.TestBase - Name of method ---> searchAnyperiod
18:33:45.989 INFO  tests.TestBase - Name of method ---> searchCurrentMonthSuccess
18:33:47.068 INFO  tests.TestBase - Name of method ---> searchCurrentYearSuccess
