18:44:56.154 INFO  manager.ApplicationManager - All tests run in Chrome Browser
18:44:57.338 INFO  manager.ApplicationManager - The link--->https://ilcarro.web.app/search
18:45:03.863 INFO  tests.TestBase - Name of method ---> addNewCarSuccess
18:45:08.429 INFO  tests.TestBase - Name of method ---> addNewCarSuccessPartly
18:45:12.145 INFO  tests.TestBase - Name of method ---> loginEmptyEmail
18:45:12.320 INFO  tests.TestBase - Before method finished logout
18:45:17.628 INFO  tests.TestBase - Name of method ---> loginEmptyPassword
18:45:22.653 INFO  tests.TestBase - Before method finished logout
18:45:29.101 INFO  tests.TestBase - Name of method ---> loginSuccess
18:45:34.160 INFO  tests.TestBase - Before method finished logout
18:45:34.161 INFO  tests.TestBase - Start test with name loginSuccess
18:45:34.429 INFO  tests.TestBase - Test data--> email:sonicboom@gmail.com & password:Snow123456!
18:45:36.518 INFO  tests.TestBase - Name of method ---> loginSuccessMon
18:45:36.556 INFO  tests.TestBase - Before method finished logout
18:45:39.926 INFO  tests.TestBase - Name of method ---> loginUnregisteredUser
18:45:39.986 INFO  tests.TestBase - Before method finished logout
18:45:48.392 INFO  tests.TestBase - Name of method ---> loginWrongEmail
18:45:53.405 INFO  tests.TestBase - Before method finished logout
18:45:58.720 INFO  tests.TestBase - Name of method ---> loginWrongPassword
18:46:03.770 INFO  tests.TestBase - Before method finished logout
18:46:06.109 INFO  tests.TestBase - Name of method ---> registrationEmptyCheckBox
18:46:16.618 INFO  tests.TestBase - Name of method ---> registrationEmptyEmail
18:46:27.146 INFO  tests.TestBase - Name of method ---> registrationEmptyFName
18:46:37.711 INFO  tests.TestBase - Name of method ---> registrationEmptyLName
18:46:48.239 INFO  tests.TestBase - Name of method ---> registrationEmptyPassword
18:46:58.740 INFO  tests.TestBase - Name of method ---> registrationExistUser
18:47:09.319 INFO  tests.TestBase - Name of method ---> registrationSuccess
18:47:17.849 INFO  tests.TestBase - Name of method ---> registrationWrongEmail
18:47:24.353 INFO  tests.TestBase - Name of method ---> registrationWrongPassword
