18:20:47.714 INFO  manager.ApplicationManager - All tests run in Chrome Browser
18:20:48.810 INFO  manager.ApplicationManager - The link--->https://ilcarro.web.app/search
18:20:55.309 INFO  tests.TestBase - Name of method ---> addNewCarSuccess
18:20:59.302 INFO  tests.TestBase - Name of method ---> addNewCarSuccessPartly
18:21:10.465 INFO  tests.TestBase - Name of method ---> loginEmptyEmail
18:21:10.528 INFO  tests.TestBase - Before method finished logout
18:21:15.984 INFO  tests.TestBase - Name of method ---> loginEmptyPassword
18:21:21.014 INFO  tests.TestBase - Before method finished logout
18:21:27.350 INFO  tests.TestBase - Name of method ---> loginSuccess
18:21:32.407 INFO  tests.TestBase - Before method finished logout
18:21:32.408 INFO  tests.TestBase - Start test with name loginSuccess
18:21:32.686 INFO  tests.TestBase - Test data--> email:sonicboom@gmail.com & password:Snow123456!
18:21:34.768 INFO  tests.TestBase - Name of method ---> loginSuccessMon
18:21:34.813 INFO  tests.TestBase - Before method finished logout
18:21:38.131 INFO  tests.TestBase - Name of method ---> loginUnregisteredUser
18:21:38.175 INFO  tests.TestBase - Before method finished logout
18:21:46.588 INFO  tests.TestBase - Name of method ---> loginWrongEmail
18:21:51.619 INFO  tests.TestBase - Before method finished logout
18:21:56.974 INFO  tests.TestBase - Name of method ---> loginWrongPassword
18:22:01.986 INFO  tests.TestBase - Before method finished logout
18:22:04.406 INFO  tests.TestBase - Name of method ---> registrationEmptyCheckBox
18:22:15.012 INFO  tests.TestBase - Name of method ---> registrationEmptyEmail
18:22:25.556 INFO  tests.TestBase - Name of method ---> registrationEmptyFName
18:22:36.201 INFO  tests.TestBase - Name of method ---> registrationEmptyLName
18:22:46.734 INFO  tests.TestBase - Name of method ---> registrationEmptyPassword
18:22:57.273 INFO  tests.TestBase - Name of method ---> registrationExistUser
18:23:07.823 INFO  tests.TestBase - Name of method ---> registrationSuccess
18:23:16.378 INFO  tests.TestBase - Name of method ---> registrationWrongEmail
18:23:23.122 INFO  tests.TestBase - Name of method ---> registrationWrongPassword
18:23:33.663 INFO  tests.TestBase - Name of method ---> searchAnyperiod
18:23:35.640 INFO  tests.TestBase - Name of method ---> searchCurrentMonthSuccess
18:23:36.846 INFO  tests.TestBase - Name of method ---> searchCurrentYearSuccess
